<?xml version="1.0" encoding="UTF-8"?>
<!-- Generated by org.testng.reporters.JUnitReportReporter -->
<testsuite skipped="0" hostname="LAPTOP-3A3IBJ29" name="danielsGroup.mydemo1.NewTest" tests="1" failures="0" timestamp="29 Sep 2018 08:22:56 GMT" time="10.973" errors="0">
  <testcase name="t" time="10.973" classname="danielsGroup.mydemo1.NewTest"/>
</testsuite> <!-- danielsGroup.mydemo1.NewTest -->
